#
# A fatal error has been detected by the Java Runtime Environment:
#
#  Internal Error (jvmciRuntime.cpp:1622), pid=3305, tid=3338
#  fatal error: Fatal exception in JVMCI: Exception during JVMCI compiler initialization
#
# JRE version: Java(TM) SE Runtime Environment GraalVM EE 22.3.1 (17.0.6+9) (build 17.0.6+9-LTS-jvmci-22.3-b11)
# Java VM: Java HotSpot(TM) 64-Bit Server VM GraalVM EE 22.3.1 (17.0.6+9-LTS-jvmci-22.3-b11, mixed mode, tiered, jvmci, jvmci compiler, compressed class ptrs, z gc, linux-amd64)
# Problematic frame:
# V  [libjvm.so+0x973804]  JVMCIRuntime::fatal_exception(JVMCIEnv*, char const*)+0x74
#
# No core dump will be written. Core dumps have been disabled. To enable core dumping, try "ulimit -c unlimited" before starting Java again
#
# If you would like to submit a bug report, please visit:
#   https://bugreport.java.com/bugreport/crash.jsp
#

---------------  S U M M A R Y ------------

Command Line: -XX:ThreadPriorityPolicy=1 -XX:+UnlockExperimentalVMOptions -XX:+EnableJVMCIProduct -XX:JVMCIThreadsPerNativeLibraryRuntime=1 -XX:-UnlockExperimentalVMOptions -XX:+UseZGC ./target/quarkus-app/quarkus-run.jar

Host: Intel(R) Core(TM) i5-6500 CPU @ 3.20GHz, 4 cores, 3G, Debian GNU/Linux 11 (bullseye)
Time: Wed May 10 13:47:11 2023 CEST elapsed time: 2.554512 seconds (0d 0h 0m 2s)

---------------  T H R E A D  ---------------

Current thread (0x00007f21a410bef0):  JavaThread "JVMCI-native CompilerThread0" daemon [_thread_in_vm, id=3338, stack(0x00007f2189efc000,0x00007f218a0fd000)]


Current CompileTask:
JVMCI-native:   2561  186 %     4       java.lang.StringLatin1::hashCode @ 10 (42 bytes)

Stack: [0x00007f2189efc000,0x00007f218a0fd000],  sp=0x00007f218a0fb7e0,  free space=2045k
Native frames: (J=compiled Java code, j=interpreted, Vv=VM code, C=native code)
V  [libjvm.so+0x973804]  JVMCIRuntime::fatal_exception(JVMCIEnv*, char const*)+0x74
V  [libjvm.so+0x975bf7]  JVMCIRuntime::compile_method(JVMCIEnv*, JVMCICompiler*, methodHandle const&, int)+0x1e7
V  [libjvm.so+0x5b2110]  CompileBroker::invoke_compiler_on_method(CompileTask*)+0x1470
V  [libjvm.so+0x5b26d8]  CompileBroker::compiler_thread_loop()+0x528
V  [libjvm.so+0xd84970]  JavaThread::thread_main_inner()+0xd0
V  [libjvm.so+0xd8802e]  Thread::call_run()+0xde
V  [libjvm.so+0xbdc611]  thread_native_entry(Thread*)+0xe1

Register to memory mapping:

RAX=0x00007f21ac82e000 points into unknown readable memory: 0x0000000000000058 | 58 00 00 00 00 00 00 00
RBX=0x00007f21ac260900: <offset 0x0000000000ef9900> in /mnt/d/Bibliotheken/Desktop/graalvm-ee-java17-22.3.1/lib/server/libjvm.so at 0x00007f21ab367000
RCX=0x00007f21ac216bc7: <offset 0x0000000000eafbc7> in /mnt/d/Bibliotheken/Desktop/graalvm-ee-java17-22.3.1/lib/server/libjvm.so at 0x00007f21ab367000
RDX=0x0000000000000656 is an unknown value
RSP=0x00007f218a0fb7e0 is pointing into the stack for thread: 0x00007f21a410bef0
RBP=0x00007f218a0fb800 is pointing into the stack for thread: 0x00007f21a410bef0
RSI=0x00007f21ac25fe20: <offset 0x0000000000ef8e20> in /mnt/d/Bibliotheken/Desktop/graalvm-ee-java17-22.3.1/lib/server/libjvm.so at 0x00007f21ab367000
RDI=0x00000000e0000000 is an unknown value
R8 =0x00007f21ac260900: <offset 0x0000000000ef9900> in /mnt/d/Bibliotheken/Desktop/graalvm-ee-java17-22.3.1/lib/server/libjvm.so at 0x00007f21ab367000
R9 =0x00007f172d28fe70 points into unknown readable memory: 0x00000000008b2238 | 38 22 8b 00 00 00 00 00
R10=0x00007f21abc5db40: <offset 0x00000000008f6b40> in /mnt/d/Bibliotheken/Desktop/graalvm-ee-java17-22.3.1/lib/server/libjvm.so at 0x00007f21ab367000
R11=0x00007f172c46f580 points into unknown readable memory: 0x536b034c00801128 | 28 11 80 00 4c 03 6b 53
R12=0x00007f218a0fb9e0 is pointing into the stack for thread: 0x00007f21a410bef0
R13=0x00007f21a410bef0 is a thread
R14=0x00007f21a4000b60 points into unknown readable memory: 0x00007f21ac491a38 | 38 1a 49 ac 21 7f 00 00
R15=0x00007f218a0fb9e0 is pointing into the stack for thread: 0x00007f21a410bef0


Registers:
RAX=0x00007f21ac82e000, RBX=0x00007f21ac260900, RCX=0x00007f21ac216bc7, RDX=0x0000000000000656
RSP=0x00007f218a0fb7e0, RBP=0x00007f218a0fb800, RSI=0x00007f21ac25fe20, RDI=0x00000000e0000000
R8 =0x00007f21ac260900, R9 =0x00007f172d28fe70, R10=0x00007f21abc5db40, R11=0x00007f172c46f580
R12=0x00007f218a0fb9e0, R13=0x00007f21a410bef0, R14=0x00007f21a4000b60, R15=0x00007f218a0fb9e0
RIP=0x00007f21abcda804, EFLAGS=0x0000000000010202, CSGSFS=0x002b000000000033, ERR=0x0000000000000006
  TRAPNO=0x000000000000000e

Top of Stack: (sp=0x00007f218a0fb7e0)
0x00007f218a0fb7e0:   00007f218a0fb970 0000000000000000
0x00007f218a0fb7f0:   0000000000000000 8000000000000002
0x00007f218a0fb800:   00007f218a0fb8a0 00007f21abcdcbf7
0x00007f218a0fb810:   0000000000000000 00007f218a0fb830 

Instructions: (pc=0x00007f21abcda804)
0x00007f21abcda704:   75 2a 4d 85 ed 74 04 4d 8b 6d 00 48 83 c4 08 44
0x00007f21abcda714:   89 f9 4c 89 f2 4c 89 ee 5b 4c 89 e7 41 5c 41 5d
0x00007f21abcda724:   41 5e 41 5f 5d e9 02 43 d1 ff 66 90 48 83 c4 08
0x00007f21abcda734:   5b 41 5c 41 5d 41 5e 41 5f 5d c3 90 31 d2 be 08
0x00007f21abcda744:   00 00 00 4c 89 ff e8 b1 69 a3 ff 49 89 c5 e9 37
0x00007f21abcda754:   ff ff ff 66 0f 1f 84 00 00 00 00 00 48 8b 7a 08
0x00007f21abcda764:   e9 6d ff ff ff 0f 1f 80 00 00 00 00 e8 bb 49 0a
0x00007f21abcda774:   00 84 c0 0f 85 85 ff ff ff e9 66 ff ff ff 66 66
0x00007f21abcda784:   2e 0f 1f 84 00 00 00 00 00 0f 1f 00 55 48 89 e5
0x00007f21abcda794:   41 56 41 55 41 54 49 89 fc 53 48 89 f3 66 48 8d
0x00007f21abcda7a4:   3d 37 8d 85 00 66 66 48 e8 7f 31 8d ff 4c 8b 28
0x00007f21abcda7b4:   8b 05 6e a5 8a 00 85 c0 75 14 ba 01 00 00 00 48
0x00007f21abcda7c4:   8d 0d 5e a5 8a 00 f0 0f b1 11 85 c0 74 4e be c8
0x00007f21abcda7d4:   00 00 00 4c 89 ef e8 31 1f 41 00 48 8d 05 22 db
0x00007f21abcda7e4:   85 00 49 89 d8 48 8d 0d d7 c3 53 00 ba 56 06 00
0x00007f21abcda7f4:   00 48 8d 35 24 56 58 00 bf 00 00 00 e0 48 8b 00
0x00007f21abcda804:   c6 00 58 31 c0 e8 42 8c c6 ff 5b 41 5c 41 5d 41
0x00007f21abcda814:   5e 5d e9 c5 36 26 00 0f 1f 44 00 00 48 8d 05 31
0x00007f21abcda824:   d5 8b 00 48 89 df 4c 8b 30 e8 3e 31 8d ff 48 89
0x00007f21abcda834:   de 48 89 c2 49 8b 06 4c 89 f7 ff 50 08 4c 89 f7
0x00007f21abcda844:   e8 27 5c 27 00 4d 85 e4 74 12 be 01 00 00 00 4c
0x00007f21abcda854:   89 e7 e8 15 3a fc ff eb 82 0f 1f 00 be 01 00 00
0x00007f21abcda864:   00 4c 89 ef e8 c3 fd ff ff e9 6d ff ff ff 66 66
0x00007f21abcda874:   2e 0f 1f 84 00 00 00 00 00 0f 1f 00 55 48 89 e5
0x00007f21abcda884:   41 57 41 56 41 55 41 54 53 48 81 ec 08 02 00 00
0x00007f21abcda894:   64 48 8b 04 25 28 00 00 00 48 89 45 c8 8b 07 83
0x00007f21abcda8a4:   f8 02 0f 84 11 04 00 00 4c 8b 6f 18 49 89 ff 49
0x00007f21abcda8b4:   89 f4 4d 85 ed 74 14 4c 89 ef e8 cd 5d 22 00 41
0x00007f21abcda8c4:   8b 07 83 f8 02 0f 84 19 04 00 00 48 8d 1d ea 38
0x00007f21abcda8d4:   8a 00 4c 8d 35 f3 5c 58 00 eb 38 90 48 85 d2 7f
0x00007f21abcda8e4:   0d 48 8d 05 c4 ef 85 00 48 83 38 00 7e 0e 41 8b
0x00007f21abcda8f4:   77 2c 4c 89 f7 31 c0 e8 50 a2 f7 ff 49 8b 7f 18 


Stack slot to memory mapping:
stack at sp + 0 slots: 0x00007f218a0fb970 is pointing into the stack for thread: 0x00007f21a410bef0
stack at sp + 1 slots: 0x0 is NULL
stack at sp + 2 slots: 0x0 is NULL
stack at sp + 3 slots: 0x8000000000000002 is an unknown value
stack at sp + 4 slots: 0x00007f218a0fb8a0 is pointing into the stack for thread: 0x00007f21a410bef0
stack at sp + 5 slots: 0x00007f21abcdcbf7: <offset 0x0000000000975bf7> in /mnt/d/Bibliotheken/Desktop/graalvm-ee-java17-22.3.1/lib/server/libjvm.so at 0x00007f21ab367000
stack at sp + 6 slots: 0x0 is NULL
stack at sp + 7 slots: 0x00007f218a0fb830 is pointing into the stack for thread: 0x00007f21a410bef0


---------------  P R O C E S S  ---------------

Threads class SMR info:
_java_thread_list=0x00007f21a4230460, length=12, elements={
0x00007f21a4023a90, 0x00007f21a40e12f0, 0x00007f21a40e2a10, 0x00007f21a4107ac0,
0x00007f21a4108f80, 0x00007f21a410a4a0, 0x00007f21a410bef0, 0x00007f21a410d4e0,
0x00007f21a410ea80, 0x00007f1f4800cd10, 0x00007f21a41bc100, 0x00007f21a422f550
}

Java Threads: ( => current thread )
  0x00007f21a4023a90 JavaThread "main" [_thread_blocked, id=3316, stack(0x00007f21ab118000,0x00007f21ab219000)]
  0x00007f21a40e12f0 JavaThread "Reference Handler" daemon [_thread_blocked, id=3330, stack(0x00007f21a81e6000,0x00007f21a82e7000)]
  0x00007f21a40e2a10 JavaThread "Finalizer" daemon [_thread_blocked, id=3331, stack(0x00007f21a80e5000,0x00007f21a81e6000)]
  0x00007f21a4107ac0 JavaThread "Signal Dispatcher" daemon [_thread_blocked, id=3335, stack(0x00007f218a2ff000,0x00007f218a400000)]
  0x00007f21a4108f80 JavaThread "Service Thread" daemon [_thread_blocked, id=3336, stack(0x00007f218a1fe000,0x00007f218a2ff000)]
  0x00007f21a410a4a0 JavaThread "Monitor Deflation Thread" daemon [_thread_blocked, id=3337, stack(0x00007f218a0fd000,0x00007f218a1fe000)]
=>0x00007f21a410bef0 JavaThread "JVMCI-native CompilerThread0" daemon [_thread_in_vm, id=3338, stack(0x00007f2189efc000,0x00007f218a0fd000)]
  0x00007f21a410d4e0 JavaThread "C1 CompilerThread0" daemon [_thread_blocked, id=3339, stack(0x00007f2189cfb000,0x00007f2189efc000)]
  0x00007f21a410ea80 JavaThread "Sweeper thread" daemon [_thread_blocked, id=3340, stack(0x00007f2189bfa000,0x00007f2189cfb000)]
  0x00007f1f4800cd10 JavaThread "C1 CompilerThread1" daemon [_thread_blocked, id=3341, stack(0x00007f21899f9000,0x00007f2189bfa000)]
  0x00007f21a41bc100 JavaThread "Common-Cleaner" daemon [_thread_blocked, id=3342, stack(0x00007f21898f8000,0x00007f21899f9000)]
  0x00007f21a422f550 JavaThread "Notification Thread" daemon [_thread_blocked, id=3343, stack(0x00007f21897f7000,0x00007f21898f8000)]

Other Threads:
  0x00007f21a40d1fa0 VMThread "VM Thread" [stack: 0x00007f21a82e9000,0x00007f21a83e9000] [id=3329] _threads_hazard_ptr=0x00007f21a4230460
  0x00007f21a4231f40 WatcherThread [stack: 0x00007f21896f7000,0x00007f21897f7000] [id=3344]
  0x00007f21a4048780 ConcurrentGCThread "ZDirector" [stack: 0x00007f21a89e0000,0x00007f21a8ae0000] [id=3324]
  0x00007f21a403f710 ConcurrentGCThread "ZDriver" [stack: 0x00007f21a8ae2000,0x00007f21a8be2000] [id=3323]
  0x00007f21a4049650 ConcurrentGCThread "ZStat" [stack: 0x00007f21a88de000,0x00007f21a89de000] [id=3325]
  0x00007f21a40461a0 ConcurrentGCThread "ZUnmapper" [stack: 0x00007f21aace6000,0x00007f21aade6000] [id=3321]
  0x00007f21a40442a0 ConcurrentGCThread "ZUncommitter" [stack: 0x00007f21aabe4000,0x00007f21aace4000] [id=3322]
  0x00007f21a403d3b0 GCTaskThread "ZWorker#0" [stack: 0x00007f21aade8000,0x00007f21aaee8000] [id=3320]
  0x00007f21a404a5d0 Thread "RuntimeWorker#0" [stack: 0x00007f21a87dc000,0x00007f21a88dc000] [id=3326]
  0x00007f21a404b400 Thread "RuntimeWorker#1" [stack: 0x00007f21a86da000,0x00007f21a87da000] [id=3327]
  0x00007f21a404c230 Thread "RuntimeWorker#2" [stack: 0x00007f21a85d8000,0x00007f21a86d8000] [id=3328]

Threads with active compile tasks:
JVMCI-native CompilerThread0     3011  186 %     4       java.lang.StringLatin1::hashCode @ 10 (42 bytes)

VM state: not at safepoint (normal execution)

VM Mutex/Monitor currently owned by a thread:  ([mutex/lock_event])
[0x00007f21a4021500] Compile_lock - owner thread: 0x00007f21a4023a90

CDS archive(s) not mapped
Compressed class space mapped at: 0x0000000080000000-0x00000000c0000000, reserved size: 1073741824
Narrow klass base: 0x0000000000000000, Narrow klass shift: 0, Narrow klass range: 0xc0000000

GC Precious Log:
 NUMA Support: Disabled
 CPUs: 4 total, 4 available
 Memory: 3886M
 Large Page Support: Disabled
 GC Workers: 1 (dynamic)
 Address Space Type: Contiguous/Unrestricted/Complete
 Address Space Size: 15552M x 3 = 46656M
 Heap Backing File: /memfd:java_heap
 Heap Backing Filesystem: tmpfs (0x1021994)
 Min Capacity: 8M
 Initial Capacity: 62M
 Max Capacity: 972M
 Medium Page Size: 16M
 Pre-touch: Disabled
 Available space on backing filesystem: N/A
 Uncommit: Enabled
 Uncommit Delay: 300s
 Runtime Workers: 3

ZGC Globals:
 GlobalPhase:       2 (Relocate)
 GlobalSeqNum:      1
 Offset Max:        4096G (0x0000040000000000)
 Page Size Small:   2M
 Page Size Medium:  16M

ZGC Metadata Bits:
 Good:              0x0000100000000000
 Bad:               0x00002c0000000000
 WeakBad:           0x00000c0000000000
 Marked:            0x0000040000000000
 Remapped:          0x0000100000000000

Heap:
 ZHeap           used 12M, capacity 62M, max capacity 972M
 Metaspace       used 9787K, committed 9920K, reserved 1064960K
  class space    used 871K, committed 960K, reserved 1048576K

ZGC Page Table:
 Small   0x0000000000000000 0x0000000000100000 0x0000000000200000  Allocating
 Small   0x0000000000200000 0x0000000000400000 0x0000000000400000  Allocating
 Small   0x0000000000400000 0x0000000000600000 0x0000000000600000  Allocating
 Small   0x0000000000600000 0x0000000000800000 0x0000000000800000  Allocating
 Small   0x0000000000800000 0x0000000000880000 0x0000000000a00000  Allocating
 Small   0x0000000000a00000 0x0000000000ac0000 0x0000000000c00000  Allocating

ZBarrierSet

Polling page: 0x00007f21ac801000

Metaspace:

Usage:
  Non-class:      8.71 MB used.
      Class:    871.59 KB used.
       Both:      9.56 MB used.

Virtual space:
  Non-class space:       16.00 MB reserved,       8.75 MB ( 55%) committed,  2 nodes.
      Class space:        1.00 GB reserved,     960.00 KB ( <1%) committed,  1 nodes.
             Both:        1.02 GB reserved,       9.69 MB ( <1%) committed. 

Chunk freelists:
   Non-Class:  2.81 MB
       Class:  3.01 MB
        Both:  5.82 MB

MaxMetaspaceSize: unlimited
CompressedClassSpaceSize: 1.00 GB
Initial GC threshold: 21.00 MB
Current GC threshold: 21.00 MB
CDS: off
MetaspaceReclaimPolicy: balanced
 - commit_granule_bytes: 65536.
 - commit_granule_words: 8192.
 - virtual_space_node_default_size: 1048576.
 - enlarge_chunks_in_place: 1.
 - new_chunks_are_fully_committed: 0.
 - uncommit_free_chunks: 1.
 - use_allocation_guard: 0.
 - handle_deallocations: 1.


Internal statistics:

num_allocs_failed_limit: 0.
num_arena_births: 50.
num_arena_deaths: 0.
num_vsnodes_births: 3.
num_vsnodes_deaths: 0.
num_space_committed: 155.
num_space_uncommitted: 0.
num_chunks_returned_to_freelist: 0.
num_chunks_taken_from_freelist: 126.
num_chunk_merges: 0.
num_chunk_splits: 74.
num_chunks_enlarged: 46.
num_purges: 0.
num_inconsistent_stats: 0.

CodeHeap 'non-profiled nmethods': size=119752Kb used=137Kb max_used=137Kb free=119614Kb
 bounds [0x00007f2192ad4000, 0x00007f2192d44000, 0x00007f2199fc6000]
CodeHeap 'profiled nmethods': size=119752Kb used=811Kb max_used=811Kb free=118940Kb
 bounds [0x00007f218afc6000, 0x00007f218b236000, 0x00007f21924b8000]
CodeHeap 'non-nmethods': size=6256Kb used=1741Kb max_used=1741Kb free=4514Kb
 bounds [0x00007f21924b8000, 0x00007f2192728000, 0x00007f2192ad4000]
 total_blobs=984 nmethods=590 adapters=322
 compilation: enabled
              stopped_count=0, restarted_count=0
 full_count=0

JVMCI Events (9 events):
Event: 0.522 Thread 0x00007f21a4023a90 created new Java JVMCI runtime -1 (0x00007f21a40bc950)
Event: 1.179 Thread 0x00007f21a410bef0 created new CompileBroker JVMCI runtime 0 (0x00007f1f44021670)
Event: 1.179 Thread 0x00007f21a410bef0 attached to JVMCI runtime 0
Event: 1.805 Thread 0x00007f21a410bef0 loaded JVMCI shared library from /mnt/d/Bibliotheken/Desktop/graalvm-ee-java17-22.3.1/lib/libjvmcicompiler.so
Event: 2.038 Thread 0x00007f21a410bef0 created JavaVM[1]@0x00007f172ca44e98 for JVMCI runtime 0
Event: 2.042 Thread 0x00007f21a410bef0 initializing JVMCI runtime 0
Event: 2.042 Thread 0x00007f21a410bef0 initializing JavaVM references in JVMCI runtime 0
Event: 2.085 Thread 0x00007f21a410bef0 initialized JavaVM references in JVMCI runtime 0
Event: 2.106 Thread 0x00007f21a410bef0 initialized JVMCI runtime 0

Compilation events (20 events):
Event: 2.418 Thread 0x00007f21a410d4e0  560       2       java.lang.invoke.LambdaForm::parameterType (9 bytes)
Event: 2.419 Thread 0x00007f1f4800cd10 nmethod 554 0x00007f218b07f490 code [0x00007f218b07f740, 0x00007f218b0802d0]
Event: 2.419 Thread 0x00007f1f4800cd10  564       2       jdk.internal.org.objectweb.asm.SymbolTable::addConstantNameAndType (137 bytes)
Event: 2.419 Thread 0x00007f21a410d4e0 nmethod 560 0x00007f218b07f090 code [0x00007f218b07f240, 0x00007f218b07f3a0]
Event: 2.419 Thread 0x00007f21a410d4e0  567       2       java.lang.invoke.LambdaForm$Name::useCount (51 bytes)
Event: 2.419 Thread 0x00007f21a410d4e0 nmethod 567 0x00007f218b080910 code [0x00007f218b080ac0, 0x00007f218b080cf0]
Event: 2.419 Thread 0x00007f21a410d4e0  566       2       jdk.internal.org.objectweb.asm.Frame::getLocal (46 bytes)
Event: 2.419 Thread 0x00007f1f4800cd10 nmethod 564 0x00007f218b080e10 code [0x00007f218b081040, 0x00007f218b0815e0]
Event: 2.419 Thread 0x00007f1f4800cd10  565       2       jdk.internal.org.objectweb.asm.SymbolTable$Entry::<init> (20 bytes)
Event: 2.419 Thread 0x00007f21a410d4e0 nmethod 566 0x00007f218b081990 code [0x00007f218b081b40, 0x00007f218b081d10]
Event: 2.419 Thread 0x00007f21a410d4e0  562       2       sun.invoke.util.Wrapper::forPrimitiveType (49 bytes)
Event: 2.420 Thread 0x00007f1f4800cd10 nmethod 565 0x00007f218b081e10 code [0x00007f218b081fc0, 0x00007f218b082100]
Event: 2.420 Thread 0x00007f1f4800cd10  568       2       jdk.internal.org.objectweb.asm.AnnotationWriter::putAnnotations (67 bytes)
Event: 2.421 Thread 0x00007f1f4800cd10 nmethod 568 0x00007f218b082210 code [0x00007f218b082420, 0x00007f218b0826f0]
Event: 2.421 Thread 0x00007f1f4800cd10  571       3       jdk.internal.org.objectweb.asm.ByteVector::putByte (39 bytes)
Event: 2.421 Thread 0x00007f21a410d4e0 nmethod 562 0x00007f218b082990 code [0x00007f218b082c00, 0x00007f218b083400]
Event: 2.421 Thread 0x00007f21a410d4e0  569       2       java.util.ImmutableCollections$List12::get (35 bytes)
Event: 2.421 Thread 0x00007f1f4800cd10 nmethod 571 0x00007f218b083890 code [0x00007f218b083a40, 0x00007f218b083c80]
Event: 2.421 Thread 0x00007f1f4800cd10  570       1       java.lang.invoke.LambdaForm$Name::type (5 bytes)
Event: 2.421 Thread 0x00007f1f4800cd10 nmethod 570 0x00007f2192af4c10 code [0x00007f2192af4da0, 0x00007f2192af4e90]

GC Heap History (0 events):
No events

Deoptimization events (0 events):
No events

Classes unloaded (0 events):
No events

Classes redefined (0 events):
No events

Internal exceptions (1 events):
Event: 1.942 Thread 0x00007f21a4023a90 Exception <a 'java/lang/NoSuchMethodError'{0x000010000070d9b0}: 'java.lang.Object java.lang.invoke.DirectMethodHandle$Holder.invokeStaticInit(java.lang.Object)'> (0x000010000070d9b0) 
thrown [open/src/hotspot/share/interpreter/linkResolver.cpp, line 758]

VM Operations (6 events):
Event: 0.986 Executing VM operation: HandshakeAllThreads
Event: 0.986 Executing VM operation: HandshakeAllThreads done
Event: 1.986 Executing VM operation: Cleanup
Event: 2.042 Executing VM operation: Cleanup done
Event: 2.264 Executing VM operation: HandshakeAllThreads
Event: 2.264 Executing VM operation: HandshakeAllThreads done

Events (20 events):
Event: 2.404 loading class java/lang/invoke/BoundMethodHandle$Species_LLLL
Event: 2.405 loading class java/lang/invoke/BoundMethodHandle$Species_LLLL done
Event: 2.407 loading class java/lang/invoke/BoundMethodHandle$Species_LLLLL
Event: 2.407 loading class java/lang/invoke/BoundMethodHandle$Species_LLLLL done
Event: 2.408 loading class java/lang/Long$LongCache
Event: 2.409 loading class java/lang/Long$LongCache done
Event: 2.409 loading class java/lang/invoke/MethodHandles$1
Event: 2.409 loading class java/lang/invoke/MethodHandles$1 done
Event: 2.410 loading class java/lang/invoke/BoundMethodHandle$Species_LJ
Event: 2.410 loading class java/lang/invoke/BoundMethodHandle$Species_LJ done
Event: 2.412 loading class java/lang/invoke/BoundMethodHandle$Species_LLLLLL
Event: 2.413 loading class java/lang/invoke/BoundMethodHandle$Species_LLLLLL done
Event: 2.415 loading class java/lang/invoke/BoundMethodHandle$Species_LLLLLLL
Event: 2.416 loading class java/lang/invoke/BoundMethodHandle$Species_LLLLLLL done
Event: 2.416 loading class java/lang/invoke/LambdaFormEditor$1
Event: 2.417 loading class java/lang/invoke/LambdaFormEditor$1 done
Event: 2.417 loading class java/util/TreeMap$EntrySet
Event: 2.418 loading class java/util/TreeMap$EntrySet done
Event: 2.418 loading class java/util/TreeMap$EntryIterator
Event: 2.418 loading class java/util/TreeMap$EntryIterator done


Dynamic libraries:
80000000-80020000 rw-p 00000000 00:00 0 
80020000-80040000 rw-p 00000000 00:00 0 
80040000-800c0000 rw-p 00000000 00:00 0 
800c0000-800f0000 rw-p 00000000 00:00 0 
800f0000-c0000000 ---p 00000000 00:00 0 
40000000000-40003e00000 rw-s 00000000 00:01 6095                         /memfd:java_heap (deleted)
40003e00000-403cc000000 ---p 00000000 00:00 0 
80000000000-80003e00000 rw-s 00000000 00:01 6095                         /memfd:java_heap (deleted)
80003e00000-803cc000000 ---p 00000000 00:00 0 
100000000000-100003e00000 rw-s 00000000 00:01 6095                       /memfd:java_heap (deleted)
100003e00000-1003cc000000 ---p 00000000 00:00 0 
55889d83c000-55889d83d000 r-xp 00000000 00:4b 1970324837762298           /mnt/d/Bibliotheken/Desktop/graalvm-ee-java17-22.3.1/bin/java
55889d83e000-55889d83f000 r--p 00001000 00:4b 1970324837762298           /mnt/d/Bibliotheken/Desktop/graalvm-ee-java17-22.3.1/bin/java
55889d83f000-55889d840000 rw-p 00002000 00:4b 1970324837762298           /mnt/d/Bibliotheken/Desktop/graalvm-ee-java17-22.3.1/bin/java
55889dac3000-55889dae4000 rw-p 00000000 00:00 0                          [heap]
7f172bf00000-7f172c000000 ---p 00000000 00:00 0 
7f172c000000-7f172c694000 r--p 01881000 00:4b 1688849861051718           /mnt/d/Bibliotheken/Desktop/graalvm-ee-java17-22.3.1/lib/libjvmcicompiler.so
7f172c694000-7f172c800000 r--p 00000000 00:00 0 
7f172c800000-7f172c802000 rw-p 00000000 00:00 0 
7f172c802000-7f172cb75000 rw-p 02083000 00:4b 1688849861051718           /mnt/d/Bibliotheken/Desktop/graalvm-ee-java17-22.3.1/lib/libjvmcicompiler.so
7f172cb75000-7f172d10c000 r--p 023f6000 00:4b 1688849861051718           /mnt/d/Bibliotheken/Desktop/graalvm-ee-java17-22.3.1/lib/libjvmcicompiler.so
7f172d10c000-7f172d200000 ---p 00000000 00:00 0 
7f172d200000-7f172d300000 rw-p 00000000 00:00 0 
7f172d300000-7f1f2bf00000 ---p 00000000 00:00 0 
7f1f2c000000-7f1f2c021000 rw-p 00000000 00:00 0 
7f1f2c021000-7f1f30000000 ---p 00000000 00:00 0 
7f1f3146c000-7f1f33dfd000 r-xp 00000000 00:4b 1688849861051718           /mnt/d/Bibliotheken/Desktop/graalvm-ee-java17-22.3.1/lib/libjvmcicompiler.so
7f1f33dfd000-7f1f33ffc000 ---p 02991000 00:4b 1688849861051718           /mnt/d/Bibliotheken/Desktop/graalvm-ee-java17-22.3.1/lib/libjvmcicompiler.so
7f1f33ffc000-7f1f33ffd000 r--p 02990000 00:4b 1688849861051718           /mnt/d/Bibliotheken/Desktop/graalvm-ee-java17-22.3.1/lib/libjvmcicompiler.so
7f1f33ffd000-7f1f34000000 rw-p 02991000 00:4b 1688849861051718           /mnt/d/Bibliotheken/Desktop/graalvm-ee-java17-22.3.1/lib/libjvmcicompiler.so
7f1f34000000-7f1f34021000 rw-p 00000000 00:00 0 
7f1f34021000-7f1f38000000 ---p 00000000 00:00 0 
7f1f38000000-7f1f38021000 rw-p 00000000 00:00 0 
7f1f38021000-7f1f3c000000 ---p 00000000 00:00 0 
7f1f3c000000-7f1f3c021000 rw-p 00000000 00:00 0 
7f1f3c021000-7f1f40000000 ---p 00000000 00:00 0 
7f1f40000000-7f1f400e6000 rw-p 00000000 00:00 0 
7f1f400e6000-7f1f44000000 ---p 00000000 00:00 0 
7f1f44000000-7f1f4405c000 rw-p 00000000 00:00 0 
7f1f4405c000-7f1f48000000 ---p 00000000 00:00 0 
7f1f48000000-7f1f48121000 rw-p 00000000 00:00 0 
7f1f48121000-7f1f4c000000 ---p 00000000 00:00 0 
7f1f4c000000-7f1f4c021000 rw-p 00000000 00:00 0 
7f1f4c021000-7f1f50000000 ---p 00000000 00:00 0 
7f1f50000000-7f1f50021000 rw-p 00000000 00:00 0 
7f1f50021000-7f1f54000000 ---p 00000000 00:00 0 
7f1f54000000-7f1f54021000 rw-p 00000000 00:00 0 
7f1f54021000-7f1f58000000 ---p 00000000 00:00 0 
7f1f58000000-7f1f58021000 rw-p 00000000 00:00 0 
7f1f58021000-7f1f5c000000 ---p 00000000 00:00 0 
7f1f5c000000-7f1f5c021000 rw-p 00000000 00:00 0 
7f1f5c021000-7f1f60000000 ---p 00000000 00:00 0 
7f1f60000000-7f1f60021000 rw-p 00000000 00:00 0 
7f1f60021000-7f1f64000000 ---p 00000000 00:00 0 
7f1f64000000-7f1f64021000 rw-p 00000000 00:00 0 
7f1f64021000-7f1f68000000 ---p 00000000 00:00 0 
7f1f68000000-7f1f68021000 rw-p 00000000 00:00 0 
7f1f68021000-7f1f6c000000 ---p 00000000 00:00 0 
7f1f6c000000-7f1f6c025000 rw-p 00000000 00:00 0 
7f1f6c025000-7f1f70000000 ---p 00000000 00:00 0 
7f1f70000000-7f1f70021000 rw-p 00000000 00:00 0 
7f1f70021000-7f1f74000000 ---p 00000000 00:00 0 
7f1f74000000-7f1f74021000 rw-p 00000000 00:00 0 
7f1f74021000-7f1f78000000 ---p 00000000 00:00 0 
7f1f78000000-7f1f78021000 rw-p 00000000 00:00 0 
7f1f78021000-7f1f7c000000 ---p 00000000 00:00 0 
7f1f7c000000-7f1f7e000000 rw-p 00000000 00:00 0 
7f1f7e000000-7f217c000000 ---p 00000000 00:00 0 
7f217c000000-7f217c021000 rw-p 00000000 00:00 0 
7f217c021000-7f2180000000 ---p 00000000 00:00 0 
7f2180000000-7f2180021000 rw-p 00000000 00:00 0 
7f2180021000-7f2184000000 ---p 00000000 00:00 0 
7f2184000000-7f2184021000 rw-p 00000000 00:00 0 
7f2184021000-7f2188000000 ---p 00000000 00:00 0 
7f21889a8000-7f2188c90000 rw-p 00000000 00:00 0 
7f2188c90000-7f2188d00000 ---p 00000000 00:00 0 
7f2188d00000-7f2188d30000 rw-p 00000000 00:00 0 
7f2188d30000-7f2189400000 ---p 00000000 00:00 0 
7f21895b4000-7f21896f5000 rw-p 00000000 00:00 0 
7f21896f5000-7f21896f6000 ---p 00000000 00:00 0 
7f21896f6000-7f21897f7000 rw-p 00000000 00:00 0 
7f21897f7000-7f21897fb000 ---p 00000000 00:00 0 
7f21897fb000-7f21898f8000 rw-p 00000000 00:00 0 
7f21898f8000-7f21898fc000 ---p 00000000 00:00 0 
7f21898fc000-7f21899f9000 rw-p 00000000 00:00 0 
7f21899f9000-7f21899fd000 ---p 00000000 00:00 0 
7f21899fd000-7f2189bfa000 rw-p 00000000 00:00 0 
7f2189bfa000-7f2189bfe000 ---p 00000000 00:00 0 
7f2189bfe000-7f2189cfb000 rw-p 00000000 00:00 0 
7f2189cfb000-7f2189cff000 ---p 00000000 00:00 0 
7f2189cff000-7f2189efc000 rw-p 00000000 00:00 0 
7f2189efc000-7f2189f00000 ---p 00000000 00:00 0 
7f2189f00000-7f218a0fd000 rw-p 00000000 00:00 0 
7f218a0fd000-7f218a101000 ---p 00000000 00:00 0 
7f218a101000-7f218a1fe000 rw-p 00000000 00:00 0 
7f218a1fe000-7f218a202000 ---p 00000000 00:00 0 
7f218a202000-7f218a2ff000 rw-p 00000000 00:00 0 
7f218a2ff000-7f218a303000 ---p 00000000 00:00 0 
7f218a303000-7f218a900000 rw-p 00000000 00:00 0 
7f218a900000-7f218a920000 rw-p 00000000 00:00 0 
7f218a920000-7f218a940000 rw-p 00000000 00:00 0 
7f218a940000-7f218a980000 rw-p 00000000 00:00 0 
7f218a980000-7f218ab00000 rw-p 00000000 00:00 0 
7f218ab00000-7f218abc0000 rw-p 00000000 00:00 0 
7f218abc0000-7f218ac00000 rw-p 00000000 00:00 0 
7f218acdf000-7f218afc6000 r--p 00000000 08:20 1980                       /usr/lib/locale/locale-archive
7f218afc6000-7f218b236000 rwxp 00000000 00:00 0 
7f218b236000-7f21924b8000 ---p 00000000 00:00 0 
7f21924b8000-7f2192728000 rwxp 00000000 00:00 0 
7f2192728000-7f2192ad4000 ---p 00000000 00:00 0 
7f2192ad4000-7f2192d44000 rwxp 00000000 00:00 0 
7f2192d44000-7f2199fc6000 ---p 00000000 00:00 0 
7f2199fc6000-7f21a4000000 r--s 00000000 00:4b 2251799814473122           /mnt/d/Bibliotheken/Desktop/graalvm-ee-java17-22.3.1/lib/modules
7f21a4000000-7f21a44a7000 rw-p 00000000 00:00 0 
7f21a44a7000-7f21a8000000 ---p 00000000 00:00 0 
7f21a80a7000-7f21a80ae000 r--s 00000000 08:20 14129                      /usr/lib/x86_64-linux-gnu/gconv/gconv-modules.cache
7f21a80ae000-7f21a80b5000 r-xp 00000000 00:4b 1970324837762478           /mnt/d/Bibliotheken/Desktop/graalvm-ee-java17-22.3.1/lib/libzip.so
7f21a80b5000-7f21a80b6000 ---p 00007000 00:4b 1970324837762478           /mnt/d/Bibliotheken/Desktop/graalvm-ee-java17-22.3.1/lib/libzip.so
7f21a80b6000-7f21a80b7000 r--p 00007000 00:4b 1970324837762478           /mnt/d/Bibliotheken/Desktop/graalvm-ee-java17-22.3.1/lib/libzip.so
7f21a80b7000-7f21a80b8000 rw-p 00008000 00:4b 1970324837762478           /mnt/d/Bibliotheken/Desktop/graalvm-ee-java17-22.3.1/lib/libzip.so
7f21a80b8000-7f21a80cd000 r-xp 00000000 00:4b 1688849861051819           /mnt/d/Bibliotheken/Desktop/graalvm-ee-java17-22.3.1/lib/libnet.so
7f21a80cd000-7f21a80ce000 ---p 00015000 00:4b 1688849861051819           /mnt/d/Bibliotheken/Desktop/graalvm-ee-java17-22.3.1/lib/libnet.so
7f21a80ce000-7f21a80cf000 r--p 00015000 00:4b 1688849861051819           /mnt/d/Bibliotheken/Desktop/graalvm-ee-java17-22.3.1/lib/libnet.so
7f21a80cf000-7f21a80d0000 rw-p 00016000 00:4b 1688849861051819           /mnt/d/Bibliotheken/Desktop/graalvm-ee-java17-22.3.1/lib/libnet.so
7f21a80d0000-7f21a80e3000 r-xp 00000000 00:4b 2251799814473132           /mnt/d/Bibliotheken/Desktop/graalvm-ee-java17-22.3.1/lib/libnio.so
7f21a80e3000-7f21a80e4000 r--p 00012000 00:4b 2251799814473132           /mnt/d/Bibliotheken/Desktop/graalvm-ee-java17-22.3.1/lib/libnio.so
7f21a80e4000-7f21a80e5000 rw-p 00013000 00:4b 2251799814473132           /mnt/d/Bibliotheken/Desktop/graalvm-ee-java17-22.3.1/lib/libnio.so
7f21a80e5000-7f21a80e9000 ---p 00000000 00:00 0 
7f21a80e9000-7f21a81e6000 rw-p 00000000 00:00 0 
7f21a81e6000-7f21a81ea000 ---p 00000000 00:00 0 
7f21a81ea000-7f21a82e7000 rw-p 00000000 00:00 0 
7f21a82e7000-7f21a82e8000 ---p 00000000 00:00 0 
7f21a82e8000-7f21a83e9000 rw-p 00000000 00:00 0 
7f21a83e9000-7f21a84b7000 r-xp 00000000 00:4b 1970324837762503           /mnt/d/Bibliotheken/Desktop/graalvm-ee-java17-22.3.1/lib/libjsvml.so
7f21a84b7000-7f21a84b8000 r--p 000cd000 00:4b 1970324837762503           /mnt/d/Bibliotheken/Desktop/graalvm-ee-java17-22.3.1/lib/libjsvml.so
7f21a84b8000-7f21a84b9000 rw-p 000ce000 00:4b 1970324837762503           /mnt/d/Bibliotheken/Desktop/graalvm-ee-java17-22.3.1/lib/libjsvml.so
7f21a84b9000-7f21a85d6000 rw-p 00000000 00:00 0 
7f21a85d6000-7f21a85d7000 ---p 00000000 00:00 0 
7f21a85d7000-7f21a86d8000 rw-p 00000000 00:00 0 
7f21a86d8000-7f21a86d9000 ---p 00000000 00:00 0 
7f21a86d9000-7f21a87da000 rw-p 00000000 00:00 0 
7f21a87da000-7f21a87db000 ---p 00000000 00:00 0 
7f21a87db000-7f21a88dc000 rw-p 00000000 00:00 0 
7f21a88dc000-7f21a88dd000 ---p 00000000 00:00 0 
7f21a88dd000-7f21a89de000 rw-p 00000000 00:00 0 
7f21a89de000-7f21a89df000 ---p 00000000 00:00 0 
7f21a89df000-7f21a8ae0000 rw-p 00000000 00:00 0 
7f21a8ae0000-7f21a8ae1000 ---p 00000000 00:00 0 
7f21a8ae1000-7f21aabe2000 rw-p 00000000 00:00 0 
7f21aabe2000-7f21aabe3000 ---p 00000000 00:00 0 
7f21aabe3000-7f21aace4000 rw-p 00000000 00:00 0 
7f21aace4000-7f21aace5000 ---p 00000000 00:00 0 
7f21aace5000-7f21aade6000 rw-p 00000000 00:00 0 
7f21aade6000-7f21aade7000 ---p 00000000 00:00 0 
7f21aade7000-7f21aaeed000 rw-p 00000000 00:00 0 
7f21aaeed000-7f21aafd2000 ---p 00000000 00:00 0 
7f21aafd2000-7f21aafd7000 rw-p 00000000 00:00 0 
7f21aafd7000-7f21ab0bc000 ---p 00000000 00:00 0 
7f21ab0bc000-7f21ab0c1000 rw-p 00000000 00:00 0 
7f21ab0c1000-7f21ab0c9000 ---p 00000000 00:00 0 
7f21ab0c9000-7f21ab0ed000 r-xp 00000000 00:4b 1688849861051815           /mnt/d/Bibliotheken/Desktop/graalvm-ee-java17-22.3.1/lib/libjava.so
7f21ab0ed000-7f21ab0ee000 ---p 00024000 00:4b 1688849861051815           /mnt/d/Bibliotheken/Desktop/graalvm-ee-java17-22.3.1/lib/libjava.so
7f21ab0ee000-7f21ab0ef000 r--p 00024000 00:4b 1688849861051815           /mnt/d/Bibliotheken/Desktop/graalvm-ee-java17-22.3.1/lib/libjava.so
7f21ab0ef000-7f21ab0f0000 rw-p 00025000 00:4b 1688849861051815           /mnt/d/Bibliotheken/Desktop/graalvm-ee-java17-22.3.1/lib/libjava.so
7f21ab0f0000-7f21ab0f1000 rw-p 00000000 00:00 0 
7f21ab0f1000-7f21ab0f9000 rw-s 00000000 08:20 327                        /tmp/hsperfdata_tkret/3305
7f21ab0f9000-7f21ab114000 r-xp 00000000 00:4b 1688849861051816           /mnt/d/Bibliotheken/Desktop/graalvm-ee-java17-22.3.1/lib/libjimage.so
7f21ab114000-7f21ab115000 ---p 0001b000 00:4b 1688849861051816           /mnt/d/Bibliotheken/Desktop/graalvm-ee-java17-22.3.1/lib/libjimage.so
7f21ab115000-7f21ab117000 r--p 0001b000 00:4b 1688849861051816           /mnt/d/Bibliotheken/Desktop/graalvm-ee-java17-22.3.1/lib/libjimage.so
7f21ab117000-7f21ab118000 rw-p 0001d000 00:4b 1688849861051816           /mnt/d/Bibliotheken/Desktop/graalvm-ee-java17-22.3.1/lib/libjimage.so
7f21ab118000-7f21ab11c000 ---p 00000000 00:00 0 
7f21ab11c000-7f21ab219000 rw-p 00000000 00:00 0 
7f21ab219000-7f21ab226000 r--p 00000000 08:20 13854                      /usr/lib/x86_64-linux-gnu/libm-2.31.so
7f21ab226000-7f21ab2c0000 r-xp 0000d000 08:20 13854                      /usr/lib/x86_64-linux-gnu/libm-2.31.so
7f21ab2c0000-7f21ab35b000 r--p 000a7000 08:20 13854                      /usr/lib/x86_64-linux-gnu/libm-2.31.so
7f21ab35b000-7f21ab35c000 r--p 00141000 08:20 13854                      /usr/lib/x86_64-linux-gnu/libm-2.31.so
7f21ab35c000-7f21ab35d000 rw-p 00142000 08:20 13854                      /usr/lib/x86_64-linux-gnu/libm-2.31.so
7f21ab35d000-7f21ab35f000 r--p 00000000 08:20 13865                      /usr/lib/x86_64-linux-gnu/librt-2.31.so
7f21ab35f000-7f21ab363000 r-xp 00002000 08:20 13865                      /usr/lib/x86_64-linux-gnu/librt-2.31.so
7f21ab363000-7f21ab365000 r--p 00006000 08:20 13865                      /usr/lib/x86_64-linux-gnu/librt-2.31.so
7f21ab365000-7f21ab366000 r--p 00007000 08:20 13865                      /usr/lib/x86_64-linux-gnu/librt-2.31.so
7f21ab366000-7f21ab367000 rw-p 00008000 08:20 13865                      /usr/lib/x86_64-linux-gnu/librt-2.31.so
7f21ab367000-7f21ac47e000 r-xp 00000000 00:4b 1688849861051727           /mnt/d/Bibliotheken/Desktop/graalvm-ee-java17-22.3.1/lib/server/libjvm.so
7f21ac47e000-7f21ac47f000 ---p 01117000 00:4b 1688849861051727           /mnt/d/Bibliotheken/Desktop/graalvm-ee-java17-22.3.1/lib/server/libjvm.so
7f21ac47f000-7f21ac534000 r--p 01117000 00:4b 1688849861051727           /mnt/d/Bibliotheken/Desktop/graalvm-ee-java17-22.3.1/lib/server/libjvm.so
7f21ac534000-7f21ac568000 rw-p 011cc000 00:4b 1688849861051727           /mnt/d/Bibliotheken/Desktop/graalvm-ee-java17-22.3.1/lib/server/libjvm.so
7f21ac568000-7f21ac5c3000 rw-p 00000000 00:00 0 
7f21ac5c3000-7f21ac5e5000 r--p 00000000 08:20 13852                      /usr/lib/x86_64-linux-gnu/libc-2.31.so
7f21ac5e5000-7f21ac73e000 r-xp 00022000 08:20 13852                      /usr/lib/x86_64-linux-gnu/libc-2.31.so
7f21ac73e000-7f21ac78d000 r--p 0017b000 08:20 13852                      /usr/lib/x86_64-linux-gnu/libc-2.31.so
7f21ac78d000-7f21ac791000 r--p 001c9000 08:20 13852                      /usr/lib/x86_64-linux-gnu/libc-2.31.so
7f21ac791000-7f21ac793000 rw-p 001cd000 08:20 13852                      /usr/lib/x86_64-linux-gnu/libc-2.31.so
7f21ac793000-7f21ac797000 rw-p 00000000 00:00 0 
7f21ac797000-7f21ac798000 r--p 00000000 08:20 13853                      /usr/lib/x86_64-linux-gnu/libdl-2.31.so
7f21ac798000-7f21ac79a000 r-xp 00001000 08:20 13853                      /usr/lib/x86_64-linux-gnu/libdl-2.31.so
7f21ac79a000-7f21ac79b000 r--p 00003000 08:20 13853                      /usr/lib/x86_64-linux-gnu/libdl-2.31.so
7f21ac79b000-7f21ac79c000 r--p 00003000 08:20 13853                      /usr/lib/x86_64-linux-gnu/libdl-2.31.so
7f21ac79c000-7f21ac79d000 rw-p 00004000 08:20 13853                      /usr/lib/x86_64-linux-gnu/libdl-2.31.so
7f21ac79d000-7f21ac7a3000 r--p 00000000 08:20 13863                      /usr/lib/x86_64-linux-gnu/libpthread-2.31.so
7f21ac7a3000-7f21ac7b3000 r-xp 00006000 08:20 13863                      /usr/lib/x86_64-linux-gnu/libpthread-2.31.so
7f21ac7b3000-7f21ac7b9000 r--p 00016000 08:20 13863                      /usr/lib/x86_64-linux-gnu/libpthread-2.31.so
7f21ac7b9000-7f21ac7ba000 r--p 0001b000 08:20 13863                      /usr/lib/x86_64-linux-gnu/libpthread-2.31.so
7f21ac7ba000-7f21ac7bb000 rw-p 0001c000 08:20 13863                      /usr/lib/x86_64-linux-gnu/libpthread-2.31.so
7f21ac7bb000-7f21ac7bf000 rw-p 00000000 00:00 0 
7f21ac7bf000-7f21ac7ce000 r-xp 00000000 00:4b 1688849861051817           /mnt/d/Bibliotheken/Desktop/graalvm-ee-java17-22.3.1/lib/libjli.so
7f21ac7ce000-7f21ac7cf000 r--p 0000e000 00:4b 1688849861051817           /mnt/d/Bibliotheken/Desktop/graalvm-ee-java17-22.3.1/lib/libjli.so
7f21ac7cf000-7f21ac7d0000 rw-p 0000f000 00:4b 1688849861051817           /mnt/d/Bibliotheken/Desktop/graalvm-ee-java17-22.3.1/lib/libjli.so
7f21ac7d0000-7f21ac7d3000 r--p 00000000 08:20 2314                       /usr/lib/x86_64-linux-gnu/libz.so.1.2.11
7f21ac7d3000-7f21ac7e4000 r-xp 00003000 08:20 2314                       /usr/lib/x86_64-linux-gnu/libz.so.1.2.11
7f21ac7e4000-7f21ac7ea000 r--p 00014000 08:20 2314                       /usr/lib/x86_64-linux-gnu/libz.so.1.2.11
7f21ac7ea000-7f21ac7eb000 ---p 0001a000 08:20 2314                       /usr/lib/x86_64-linux-gnu/libz.so.1.2.11
7f21ac7eb000-7f21ac7ec000 r--p 0001a000 08:20 2314                       /usr/lib/x86_64-linux-gnu/libz.so.1.2.11
7f21ac7ec000-7f21ac7ed000 rw-p 0001b000 08:20 2314                       /usr/lib/x86_64-linux-gnu/libz.so.1.2.11
7f21ac7ed000-7f21ac7f0000 r--p 00000000 08:20 13860                      /usr/lib/x86_64-linux-gnu/libnss_files-2.31.so
7f21ac7f0000-7f21ac7f7000 r-xp 00003000 08:20 13860                      /usr/lib/x86_64-linux-gnu/libnss_files-2.31.so
7f21ac7f7000-7f21ac7f9000 r--p 0000a000 08:20 13860                      /usr/lib/x86_64-linux-gnu/libnss_files-2.31.so
7f21ac7f9000-7f21ac7fa000 r--p 0000b000 08:20 13860                      /usr/lib/x86_64-linux-gnu/libnss_files-2.31.so
7f21ac7fa000-7f21ac7fb000 rw-p 0000c000 08:20 13860                      /usr/lib/x86_64-linux-gnu/libnss_files-2.31.so
7f21ac7fb000-7f21ac801000 rw-p 00000000 00:00 0 
7f21ac801000-7f21ac802000 ---p 00000000 00:00 0 
7f21ac802000-7f21ac803000 r--p 00000000 00:00 0 
7f21ac803000-7f21ac805000 rw-p 00000000 00:00 0 
7f21ac805000-7f21ac806000 r--p 00000000 08:20 13848                      /usr/lib/x86_64-linux-gnu/ld-2.31.so
7f21ac806000-7f21ac826000 r-xp 00001000 08:20 13848                      /usr/lib/x86_64-linux-gnu/ld-2.31.so
7f21ac826000-7f21ac82e000 r--p 00021000 08:20 13848                      /usr/lib/x86_64-linux-gnu/ld-2.31.so
7f21ac82e000-7f21ac82f000 rwxp 00000000 00:00 0 
7f21ac82f000-7f21ac830000 r--p 00029000 08:20 13848                      /usr/lib/x86_64-linux-gnu/ld-2.31.so
7f21ac830000-7f21ac831000 rw-p 0002a000 08:20 13848                      /usr/lib/x86_64-linux-gnu/ld-2.31.so
7f21ac831000-7f21ac832000 rw-p 00000000 00:00 0 
7ffed98a3000-7ffed98c4000 rw-p 00000000 00:00 0                          [stack]
7ffed98d7000-7ffed98db000 r--p 00000000 00:00 0                          [vvar]
7ffed98db000-7ffed98dd000 r-xp 00000000 00:00 0                          [vdso]


VM Arguments:
jvm_args: -XX:ThreadPriorityPolicy=1 -XX:+UnlockExperimentalVMOptions -XX:+EnableJVMCIProduct -XX:JVMCIThreadsPerNativeLibraryRuntime=1 -XX:-UnlockExperimentalVMOptions -XX:+UseZGC 
java_command: ./target/quarkus-app/quarkus-run.jar
java_class_path (initial): ./target/quarkus-app/quarkus-run.jar
Launcher Type: SUN_STANDARD

[Global flags]
     intx CICompilerCount                          = 3                                         {product} {ergonomic}
     bool EnableJVMCIProduct                       = true                                {JVMCI product} {jimage}
   size_t InitialHeapSize                          = 65011712                                  {product} {ergonomic}
     uint JVMCIThreadsPerNativeLibraryRuntime      = 1                                   {JVMCI product} {jimage}
   size_t MaxHeapSize                              = 1019215872                                {product} {ergonomic}
   size_t MinHeapDeltaBytes                        = 2097152                                   {product} {ergonomic}
   size_t MinHeapSize                              = 8388608                                   {product} {ergonomic}
    uintx NonNMethodCodeHeapSize                   = 6402904                                {pd product} {ergonomic}
    uintx NonProfiledCodeHeapSize                  = 122627668                              {pd product} {ergonomic}
    uintx ProfiledCodeHeapSize                     = 122627668                              {pd product} {ergonomic}
    uintx ReservedCodeCacheSize                    = 251658240                              {pd product} {ergonomic}
     bool SegmentedCodeCache                       = true                                      {product} {ergonomic}
   size_t SoftMaxHeapSize                          = 1019215872                             {manageable} {ergonomic}
     intx ThreadPriorityPolicy                     = 1                                         {product} {jimage}
     bool UseCompressedClassPointers               = true                           {product lp64_product} {ergonomic}
     bool UseCompressedOops                        = false                          {product lp64_product} {ergonomic}
     bool UseNUMA                                  = false                                     {product} {ergonomic}
     bool UseNUMAInterleaving                      = false                                     {product} {ergonomic}
     bool UseZGC                                   = true                                      {product} {command line}

Logging:
Log output configuration:
 #0: stdout all=warning uptime,level,tags
 #1: stderr all=off uptime,level,tags

Environment Variables:
JAVA_HOME=/home/tkret/../../mnt/d/Bibliotheken/Desktop/graalvm-ee-java17-22.3.1/
PATH=/home/tkret/../../mnt/d/Bibliotheken/Desktop/graalvm-ee-java17-22.3.1//bin:/home/tkret/.local/bin:/home/tkret/../../mnt/d/Bibliotheken/Desktop/graalvm-ee-java17-22.3.1//bin:/usr/local/sbin:/usr/local/bin:/usr/sbin:/usr/bin:/sbin:/bin:/usr/games:/usr/local/games:/usr/lib/wsl/lib:/mnt/c/Program Files/WindowsApps/MicrosoftCorporationII.WindowsSubsystemForLinux_1.2.5.0_x64__8wekyb3d8bbwe:/mnt/c/Program Files/Common Files/Oracle/Java/javapath:/mnt/c/Windows/system32:/mnt/c/Windows:/mnt/c/Windows/System32/Wbem:/mnt/c/Windows/System32/WindowsPowerShell/v1.0/:/mnt/c/Windows/System32/OpenSSH/:/mnt/c/Program Files/NVIDIA Corporation/NVIDIA NvDLISR:/mnt/c/Program Files (x86)/NVIDIA Corporation/PhysX/Common:/mnt/c/Program Files/Docker/Docker/resources/bin:/mnt/c/Strawberry/c/bin:/mnt/c/Strawberry/perl/site/bin:/mnt/c/Strawberry/perl/bin:/mnt/c/Program Files/Microsoft SQL Server/150/Tools/Binn/:/mnt/c/Program Files/Git/cmd:/mnt/c/Program Files/nodejs/:/mnt/c/Users/tkret/AppData/Local/pnpm:/mnt/c/Users/tkret/.jbang/bin:/mnt/c/Users/tkret/.console-ninja/.bin:/mnt/c/Users/tkret/AppData/Local/Microsoft/WindowsApps:/mnt/c/Users/tkret/AppData/Local/JetBrains/Toolbox/scripts:/mnt/c/Users/tkret/.deno/bin:/mnt/c/Users/tkret/AppData/Local/Programs/Microsoft VS Code Insiders/bin:/mnt/c/Program Files/Java/jdk-17/bin:/mnt/c/texlive/2023/bin/windows:/mnt/c/Users/tkret/AppData/Roaming/npm
SHELL=/bin/bash
DISPLAY=:0
HOSTTYPE=x86_64
LANG=en_US.UTF-8

Signal Handlers:
   SIGSEGV: crash_handler in libjvm.so, mask=11100100010111111101111111111110, flags=SA_RESTART|SA_SIGINFO
    SIGBUS: crash_handler in libjvm.so, mask=11100100010111111101111111111110, flags=SA_RESTART|SA_SIGINFO
    SIGFPE: crash_handler in libjvm.so, mask=11100100010111111101111111111110, flags=SA_RESTART|SA_SIGINFO
   SIGPIPE: javaSignalHandler in libjvm.so, mask=11100100010111111101111111111110, flags=SA_RESTART|SA_SIGINFO
   SIGXFSZ: javaSignalHandler in libjvm.so, mask=11100100010111111101111111111110, flags=SA_RESTART|SA_SIGINFO
    SIGILL: crash_handler in libjvm.so, mask=11100100010111111101111111111110, flags=SA_RESTART|SA_SIGINFO
   SIGUSR2: SR_handler in libjvm.so, mask=00000000000000000000000000000000, flags=SA_RESTART|SA_SIGINFO
    SIGHUP: UserHandler in libjvm.so, mask=11100100010111111101111111111110, flags=SA_RESTART|SA_SIGINFO
    SIGINT: UserHandler in libjvm.so, mask=11100100010111111101111111111110, flags=SA_RESTART|SA_SIGINFO
   SIGTERM: UserHandler in libjvm.so, mask=11100100010111111101111111111110, flags=SA_RESTART|SA_SIGINFO
   SIGQUIT: UserHandler in libjvm.so, mask=11100100010111111101111111111110, flags=SA_RESTART|SA_SIGINFO
   SIGTRAP: crash_handler in libjvm.so, mask=11100100010111111101111111111110, flags=SA_RESTART|SA_SIGINFO


---------------  S Y S T E M  ---------------

OS:
PRETTY_NAME="Debian GNU/Linux 11 (bullseye)"
NAME="Debian GNU/Linux"
VERSION_ID="11"
VERSION="11 (bullseye)"
VERSION_CODENAME=bullseye
ID=debian
HOME_URL="https://www.debian.org/"
SUPPORT_URL="https://www.debian.org/support"
BUG_REPORT_URL="https://bugs.debian.org/"
uname: Linux 5.15.90.1-microsoft-standard-WSL2 #1 SMP Fri Jan 27 02:56:13 UTC 2023 x86_64
OS uptime: 0 days 6:46 hours
libc: glibc 2.31 NPTL 2.31 
rlimit (soft/hard): STACK 8192k/infinity , CORE 0k/infinity , NPROC 15521/15521 , NOFILE 1048576/1048576 , AS infinity/infinity , CPU infinity/infinity , DATA infinity/infinity , FSIZE infinity/infinity , MEMLOCK 65536k/65536k
load average: 0.32 0.19 0.08

/proc/meminfo:
MemTotal:        3980052 kB
MemFree:         2178932 kB
MemAvailable:    3205276 kB
Buffers:          266084 kB
Cached:           986548 kB
SwapCached:            0 kB
Active:           670812 kB
Inactive:         764400 kB
Active(anon):       2220 kB
Inactive(anon):   255144 kB
Active(file):     668592 kB
Inactive(file):   509256 kB
Unevictable:           0 kB
Mlocked:               0 kB
SwapTotal:       1048576 kB
SwapFree:        1048576 kB
Dirty:                32 kB
Writeback:             0 kB
AnonPages:        180444 kB
Mapped:           219648 kB
Shmem:             74784 kB
KReclaimable:     100872 kB
Slab:             142208 kB
SReclaimable:     100872 kB
SUnreclaim:        41336 kB
KernelStack:        4128 kB
PageTables:         5268 kB
NFS_Unstable:          0 kB
Bounce:                0 kB
WritebackTmp:          0 kB
CommitLimit:     3038600 kB
Committed_AS:    1453812 kB
VmallocTotal:   34359738367 kB
VmallocUsed:       23820 kB
VmallocChunk:          0 kB
Percpu:             1088 kB
AnonHugePages:     65536 kB
ShmemHugePages:        0 kB
ShmemPmdMapped:        0 kB
FileHugePages:         0 kB
FilePmdMapped:         0 kB
HugePages_Total:       0
HugePages_Free:        0
HugePages_Rsvd:        0
HugePages_Surp:        0
Hugepagesize:       2048 kB
Hugetlb:               0 kB
DirectMap4k:      103424 kB
DirectMap2M:     4055040 kB
DirectMap1G:     8388608 kB

/sys/kernel/mm/transparent_hugepage/enabled: [always] madvise never
/sys/kernel/mm/transparent_hugepage/defrag (defrag/compaction efforts parameter): always defer defer+madvise [madvise] never

Process Memory:
Virtual Size: 92839100K (peak: 92839484K)
Resident Set Size: 73392K (peak: 73392K) (anon: 36212K, file: 29992K, shmem: 7188K)
Swapped out: 0K
C-Heap outstanding allocations: 12408K, retained: 2295K

/proc/sys/kernel/threads-max (system-wide limit on the number of threads): 31043
/proc/sys/vm/max_map_count (maximum number of memory map areas a process may have): 65530
/proc/sys/kernel/pid_max (system-wide limit on number of process identifiers): 32768

container (cgroup) information:
container_type: cgroupv1
cpu_cpuset_cpus: 0-3
cpu_memory_nodes: 0
active_processor_count: 4
cpu_quota: no quota
cpu_period: 100000
cpu_shares: no shares
memory_limit_in_bytes: unlimited
memory_and_swap_limit_in_bytes: unlimited
memory_soft_limit_in_bytes: unlimited
memory_usage_in_bytes: 1467510784
memory_max_usage_in_bytes: unlimited
maximum number of tasks: not supported
current number of tasks: not supported

Hyper-V virtualization detected
Steal ticks since vm start: 0
Steal ticks percentage since vm start:  0.000

CPU: total 4 (initial active 4) (4 cores per cpu, 1 threads per core) family 6 model 94 stepping 3 microcode 0xffffffff, cx8, cmov, fxsr, mmx, 3dnowpref, sse, sse2, sse3, ssse3, sse4.1, sse4.2, popcnt, lzcnt, tsc, avx, avx2, aes, erms, clmul, bmi1, bmi2, rtm, adx, fma, vzeroupper, clflush, clflushopt, hv
CPU Model and flags from /proc/cpuinfo:
model name	: Intel(R) Core(TM) i5-6500 CPU @ 3.20GHz
flags		: fpu vme de pse tsc msr pae mce cx8 apic sep mtrr pge mca cmov pat pse36 clflush mmx fxsr sse sse2 ss ht syscall nx pdpe1gb rdtscp lm constant_tsc arch_perfmon rep_good nopl xtopology cpuid pni pclmulqdq vmx ssse3 fma cx16 pdcm pcid sse4_1 sse4_2 movbe popcnt aes xsave avx f16c rdrand hypervisor lahf_lm abm 3dnowprefetch invpcid_single pti ssbd ibrs ibpb stibp tpr_shadow vnmi ept vpid ept_ad fsgsbase bmi1 hle avx2 smep bmi2 erms invpcid rtm rdseed adx smap clflushopt xsaveopt xsavec xgetbv1 xsaves md_clear flush_l1d arch_capabilities

Online cpus: 0-3
Offline cpus: 
BIOS frequency limitation: <Not Available>
Frequency switch latency (ns): <Not Available>
Available cpu frequencies: <Not Available>
Current governor: <Not Available>
Core performance/turbo boost: <Not Available>

Memory: 4k page, physical 3980052k(2178932k free), swap 1048576k(1048576k free)
Page Sizes: 4k

vm_info: Java HotSpot(TM) 64-Bit Server VM (17.0.6+9-LTS-jvmci-22.3-b11) for linux-amd64 JRE (17.0.6+9-LTS-jvmci-22.3-b11), built on Dec 12 2022 18:26:05 by "buildslave" with gcc 10.3.0

END.
